[17:59:59] Version: 3.10.3
[18:00:32] Version: 3.10.3
[18:00:41] Version: 3.10.3
[18:00:56] Version: 3.10.3
[18:01:11] auto_predict_f0 = True in realtime inference will cause unstable voice pitch, use with caution
[18:01:11] Since model_path is a directory, use src/hf_vul_models/Applebloom (singing)/G_28800.pth
[18:02:03] /home/antoine/.cache/pypoetry/virtualenvs/drake_ai-0bRsTVrO-py3.10/lib/python3.10/site-packages/so_vits_svc_fork/modules/synthesizers.py:81: UserWarning: Unused arguments: {'n_layers_q': 3, 'use_spectral_norm': False}
  warnings.warn(f"Unused arguments: {kwargs}")

[18:02:04] Decoder type: hifi-gan
[18:03:58] version: 3.10.3
[18:04:44] Event model_path, values {'model_path': '/home/antoine/code/ETS/ALGOETS/drake-ai/src/models/Starlight (singing)/G_40000.pth', 'model_path_browse': '/home/antoine/code/ETS/ALGOETS/drake-ai/src/models/Starlight (singing)/G_40000.pth', 'config_path': '', 'config_path_browse': '', 'cluster_model_path': '', 'cluster_model_path_browse': '', 'speaker': '', 'silence_threshold': -35.0, 'transpose': 12.0, 'auto_predict_f0': False, 'f0_method': 'dio', 'cluster_infer_ratio': 0.0, 'noise_scale': 0.4, 'pad_seconds': 0.1, 'chunk_seconds': 0.5, 'absolute_thresh': True, 'input_path': '', 'input_path_browse': '', 'auto_play': True, 'crossfade_seconds': 0.05, 'block_seconds': 0.35, 'additional_infer_before_seconds': 0.15, 'additional_infer_after_seconds': 0.1, 'realtime_algorithm': '1 (Divide constantly)', 'input_device': 'default (ALSA)', 'output_device': 'default (ALSA)', 'passthrough_original': False, 'presets': 'Default VC (GPU, GTX 1060)', 'preset_name': '', 'use_gpu': True}
[18:04:44] Updating browser <PySimpleGUI.PySimpleGUI.Button object at 0x7f4e731db280> to /home/antoine/code/ETS/ALGOETS/drake-ai/src/models/Starlight (singing)
[18:04:44] Updating browser <PySimpleGUI.PySimpleGUI.Button object at 0x7f4e731d9540> to /home/antoine/code/ETS/ALGOETS/drake-ai/src/models/Starlight (singing)
[18:04:44] Updating browser <PySimpleGUI.PySimpleGUI.Button object at 0x7f4e731da7a0> to /home/antoine/code/ETS/ALGOETS/drake-ai/src/models/Starlight (singing)
[18:04:44] Updating browser <PySimpleGUI.PySimpleGUI.Button object at 0x7f4e731d9420> to /home/antoine/code/ETS/ALGOETS/drake-ai/src/models/Starlight (singing)
[18:04:47] Event config_path, values {'model_path': '/home/antoine/code/ETS/ALGOETS/drake-ai/src/models/Starlight (singing)/G_40000.pth', 'model_path_browse': '/home/antoine/code/ETS/ALGOETS/drake-ai/src/models/Starlight (singing)/G_40000.pth', 'config_path': '/home/antoine/code/ETS/ALGOETS/drake-ai/src/models/Starlight (singing)/config.json', 'config_path_browse': '/home/antoine/code/ETS/ALGOETS/drake-ai/src/models/Starlight (singing)/config.json', 'cluster_model_path': '', 'cluster_model_path_browse': '', 'speaker': '', 'silence_threshold': -35.0, 'transpose': 12.0, 'auto_predict_f0': False, 'f0_method': 'dio', 'cluster_infer_ratio': 0.0, 'noise_scale': 0.4, 'pad_seconds': 0.1, 'chunk_seconds': 0.5, 'absolute_thresh': True, 'input_path': '', 'input_path_browse': '', 'auto_play': True, 'crossfade_seconds': 0.05, 'block_seconds': 0.35, 'additional_infer_before_seconds': 0.15, 'additional_infer_after_seconds': 0.1, 'realtime_algorithm': '1 (Divide constantly)', 'input_device': 'default (ALSA)', 'output_device': 'default (ALSA)', 'passthrough_original': False, 'presets': 'Default VC (GPU, GTX 1060)', 'preset_name': '', 'use_gpu': True}
[18:04:47] Updating browser <PySimpleGUI.PySimpleGUI.Button object at 0x7f4e731db280> to /home/antoine/code/ETS/ALGOETS/drake-ai/src/models/Starlight (singing)
[18:04:47] Updating browser <PySimpleGUI.PySimpleGUI.Button object at 0x7f4e731d9540> to /home/antoine/code/ETS/ALGOETS/drake-ai/src/models/Starlight (singing)
[18:04:47] Updating browser <PySimpleGUI.PySimpleGUI.Button object at 0x7f4e731da7a0> to /home/antoine/code/ETS/ALGOETS/drake-ai/src/models/Starlight (singing)
[18:04:47] Updating browser <PySimpleGUI.PySimpleGUI.Button object at 0x7f4e731d9420> to /home/antoine/code/ETS/ALGOETS/drake-ai/src/models/Starlight (singing)
[18:04:50] Event cluster_model_path, values {'model_path': '/home/antoine/code/ETS/ALGOETS/drake-ai/src/models/Starlight (singing)/G_40000.pth', 'model_path_browse': '/home/antoine/code/ETS/ALGOETS/drake-ai/src/models/Starlight (singing)/G_40000.pth', 'config_path': '/home/antoine/code/ETS/ALGOETS/drake-ai/src/models/Starlight (singing)/config.json', 'config_path_browse': '/home/antoine/code/ETS/ALGOETS/drake-ai/src/models/Starlight (singing)/config.json', 'cluster_model_path': '/home/antoine/code/ETS/ALGOETS/drake-ai/src/models/Starlight (singing)/kmeans_1500.pt', 'cluster_model_path_browse': '/home/antoine/code/ETS/ALGOETS/drake-ai/src/models/Starlight (singing)/kmeans_1500.pt', 'speaker': 'Scootaloo (singing)', 'silence_threshold': -35.0, 'transpose': 12.0, 'auto_predict_f0': False, 'f0_method': 'dio', 'cluster_infer_ratio': 0.0, 'noise_scale': 0.4, 'pad_seconds': 0.1, 'chunk_seconds': 0.5, 'absolute_thresh': True, 'input_path': '', 'input_path_browse': '', 'auto_play': True, 'crossfade_seconds': 0.05, 'block_seconds': 0.35, 'additional_infer_before_seconds': 0.15, 'additional_infer_after_seconds': 0.1, 'realtime_algorithm': '1 (Divide constantly)', 'input_device': 'default (ALSA)', 'output_device': 'default (ALSA)', 'passthrough_original': False, 'presets': 'Default VC (GPU, GTX 1060)', 'preset_name': '', 'use_gpu': True}
[18:04:50] Updating browser <PySimpleGUI.PySimpleGUI.Button object at 0x7f4e731db280> to /home/antoine/code/ETS/ALGOETS/drake-ai/src/models/Starlight (singing)
[18:04:50] Updating browser <PySimpleGUI.PySimpleGUI.Button object at 0x7f4e731d9540> to /home/antoine/code/ETS/ALGOETS/drake-ai/src/models/Starlight (singing)
[18:04:50] Updating browser <PySimpleGUI.PySimpleGUI.Button object at 0x7f4e731da7a0> to /home/antoine/code/ETS/ALGOETS/drake-ai/src/models/Starlight (singing)
[18:04:50] Updating browser <PySimpleGUI.PySimpleGUI.Button object at 0x7f4e731d9420> to /home/antoine/code/ETS/ALGOETS/drake-ai/src/models/Starlight (singing)
[18:05:03] Event play_input, values {'model_path': '/home/antoine/code/ETS/ALGOETS/drake-ai/src/models/Starlight (singing)/G_40000.pth', 'model_path_browse': '/home/antoine/code/ETS/ALGOETS/drake-ai/src/models/Starlight (singing)/G_40000.pth', 'config_path': '/home/antoine/code/ETS/ALGOETS/drake-ai/src/models/Starlight (singing)/config.json', 'config_path_browse': '/home/antoine/code/ETS/ALGOETS/drake-ai/src/models/Starlight (singing)/config.json', 'cluster_model_path': '/home/antoine/code/ETS/ALGOETS/drake-ai/src/models/Starlight (singing)/kmeans_1500.pt', 'cluster_model_path_browse': '/home/antoine/code/ETS/ALGOETS/drake-ai/src/models/Starlight (singing)/kmeans_1500.pt', 'speaker': 'Scootaloo (singing)', 'silence_threshold': -35.0, 'transpose': 12.0, 'auto_predict_f0': False, 'f0_method': 'dio', 'cluster_infer_ratio': 0.0, 'noise_scale': 0.4, 'pad_seconds': 0.1, 'chunk_seconds': 0.5, 'absolute_thresh': True, 'input_path': '', 'input_path_browse': '', 'auto_play': True, 'crossfade_seconds': 0.05, 'block_seconds': 0.35, 'additional_infer_before_seconds': 0.15, 'additional_infer_after_seconds': 0.1, 'realtime_algorithm': '1 (Divide constantly)', 'input_device': 'default (ALSA)', 'output_device': 'default (ALSA)', 'passthrough_original': False, 'presets': 'Default VC (GPU, GTX 1060)', 'preset_name': '', 'use_gpu': True}
[18:05:36] Event refresh_devices, values {'model_path': '/home/antoine/code/ETS/ALGOETS/drake-ai/src/models/Starlight (singing)/G_40000.pth', 'model_path_browse': '/home/antoine/code/ETS/ALGOETS/drake-ai/src/models/Starlight (singing)/G_40000.pth', 'config_path': '/home/antoine/code/ETS/ALGOETS/drake-ai/src/models/Starlight (singing)/config.json', 'config_path_browse': '/home/antoine/code/ETS/ALGOETS/drake-ai/src/models/Starlight (singing)/config.json', 'cluster_model_path': '/home/antoine/code/ETS/ALGOETS/drake-ai/src/models/Starlight (singing)/kmeans_1500.pt', 'cluster_model_path_browse': '/home/antoine/code/ETS/ALGOETS/drake-ai/src/models/Starlight (singing)/kmeans_1500.pt', 'speaker': 'Scootaloo (singing)', 'silence_threshold': -35.0, 'transpose': 12.0, 'auto_predict_f0': False, 'f0_method': 'dio', 'cluster_infer_ratio': 0.0, 'noise_scale': 0.4, 'pad_seconds': 0.1, 'chunk_seconds': 0.5, 'absolute_thresh': True, 'input_path': '', 'input_path_browse': '', 'auto_play': True, 'crossfade_seconds': 0.05, 'block_seconds': 0.35, 'additional_infer_before_seconds': 0.15, 'additional_infer_after_seconds': 0.1, 'realtime_algorithm': '1 (Divide constantly)', 'input_device': 'Razer Barracuda 2.4 Mono (JACK Audio Connection Kit)', 'output_device': 'default (ALSA)', 'passthrough_original': True, 'presets': 'Default VC (GPU, GTX 1060)', 'preset_name': '', 'use_gpu': True}
[18:05:48] Event start_vc, values {'model_path': '/home/antoine/code/ETS/ALGOETS/drake-ai/src/models/Starlight (singing)/G_40000.pth', 'model_path_browse': '/home/antoine/code/ETS/ALGOETS/drake-ai/src/models/Starlight (singing)/G_40000.pth', 'config_path': '/home/antoine/code/ETS/ALGOETS/drake-ai/src/models/Starlight (singing)/config.json', 'config_path_browse': '/home/antoine/code/ETS/ALGOETS/drake-ai/src/models/Starlight (singing)/config.json', 'cluster_model_path': '/home/antoine/code/ETS/ALGOETS/drake-ai/src/models/Starlight (singing)/kmeans_1500.pt', 'cluster_model_path_browse': '/home/antoine/code/ETS/ALGOETS/drake-ai/src/models/Starlight (singing)/kmeans_1500.pt', 'speaker': 'Scootaloo (singing)', 'silence_threshold': -35.0, 'transpose': 12.0, 'auto_predict_f0': False, 'f0_method': 'dio', 'cluster_infer_ratio': 0.0, 'noise_scale': 0.4, 'pad_seconds': 0.1, 'chunk_seconds': 0.5, 'absolute_thresh': True, 'input_path': '', 'input_path_browse': '', 'auto_play': True, 'crossfade_seconds': 0.05, 'block_seconds': 0.35, 'additional_infer_before_seconds': 0.15, 'additional_infer_after_seconds': 0.1, 'realtime_algorithm': '1 (Divide constantly)', 'input_device': 'Razer Barracuda 2.4 Mono (JACK Audio Connection Kit)', 'output_device': 'default (ALSA)', 'passthrough_original': True, 'presets': 'Default VC (GPU, GTX 1060)', 'preset_name': '', 'use_gpu': True}
[18:05:52] /home/antoine/.cache/pypoetry/virtualenvs/drake_ai-0bRsTVrO-py3.10/lib/python3.10/site-packages/so_vits_svc_fork/modules/synthesizers.py:81: UserWarning: Unused arguments: {'n_layers_q': 3, 'use_spectral_norm': False}
  warnings.warn(f"Unused arguments: {kwargs}")

[18:05:52] Decoder type: hifi-gan
[18:05:54] Error in realtime: 
[18:05:54] Weights only load failed. Re-running `torch.load` with `weights_only` set to `False` will likely succeed, but it can result in arbitrary code execution.Do it only if you get the file from a trusted source. WeightsUnpickler error: Unsupported operand 71
pebble.common.RemoteTraceback: Traceback (most recent call last):
  File "/home/antoine/.cache/pypoetry/virtualenvs/drake_ai-0bRsTVrO-py3.10/lib/python3.10/site-packages/pebble/common.py", line 174, in process_execute
    return function(*args, **kwargs)
  File "/home/antoine/.cache/pypoetry/virtualenvs/drake_ai-0bRsTVrO-py3.10/lib/python3.10/site-packages/so_vits_svc_fork/inference/main.py", line 106, in realtime
    svc_model = Svc(
  File "/home/antoine/.cache/pypoetry/virtualenvs/drake_ai-0bRsTVrO-py3.10/lib/python3.10/site-packages/so_vits_svc_fork/inference/core.py", line 116, in __init__
    self.load_model()
  File "/home/antoine/.cache/pypoetry/virtualenvs/drake_ai-0bRsTVrO-py3.10/lib/python3.10/site-packages/so_vits_svc_fork/inference/core.py", line 126, in load_model
    _ = utils.load_checkpoint(self.net_g_path, self.net_g, None)
  File "/home/antoine/.cache/pypoetry/virtualenvs/drake_ai-0bRsTVrO-py3.10/lib/python3.10/site-packages/so_vits_svc_fork/utils.py", line 238, in load_checkpoint
    checkpoint_dict = torch.load(f, map_location="cpu", weights_only=True)
  File "/home/antoine/.cache/pypoetry/virtualenvs/drake_ai-0bRsTVrO-py3.10/lib/python3.10/site-packages/torch/serialization.py", line 788, in load
    raise pickle.UnpicklingError(UNSAFE_MESSAGE + str(e)) from None
_pickle.UnpicklingError: Weights only load failed. Re-running `torch.load` with `weights_only` set to `False` will likely succeed, but it can result in arbitrary code execution.Do it only if you get the file from a trusted source. WeightsUnpickler error: Unsupported operand 71


The above exception was the direct cause of the following exception:

Traceback (most recent call last):
  File "/home/antoine/.cache/pypoetry/virtualenvs/drake_ai-0bRsTVrO-py3.10/lib/python3.10/site-packages/so_vits_svc_fork/gui.py", line 667, in main
    future.result()
  File "/usr/lib/python3.10/concurrent/futures/_base.py", line 451, in result
    return self.__get_result()
  File "/usr/lib/python3.10/concurrent/futures/_base.py", line 403, in __get_result
    raise self._exception
_pickle.UnpicklingError: Weights only load failed. Re-running `torch.load` with `weights_only` set to `False` will likely succeed, but it can result in arbitrary code execution.Do it only if you get the file from a trusted source. WeightsUnpickler error: Unsupported operand 71
[18:06:33] Event start_vc, values {'model_path': '/home/antoine/code/ETS/ALGOETS/drake-ai/src/models/Starlight (singing)/G_40000.pth', 'model_path_browse': '/home/antoine/code/ETS/ALGOETS/drake-ai/src/models/Starlight (singing)/G_40000.pth', 'config_path': '/home/antoine/code/ETS/ALGOETS/drake-ai/src/models/Starlight (singing)/config.json', 'config_path_browse': '/home/antoine/code/ETS/ALGOETS/drake-ai/src/models/Starlight (singing)/config.json', 'cluster_model_path': '/home/antoine/code/ETS/ALGOETS/drake-ai/src/models/Starlight (singing)/kmeans_1500.pt', 'cluster_model_path_browse': '/home/antoine/code/ETS/ALGOETS/drake-ai/src/models/Starlight (singing)/kmeans_1500.pt', 'speaker': 'Scootaloo (singing)', 'silence_threshold': -35.0, 'transpose': 12.0, 'auto_predict_f0': False, 'f0_method': 'crepe', 'cluster_infer_ratio': 0.0, 'noise_scale': 0.4, 'pad_seconds': 0.1, 'chunk_seconds': 0.5, 'absolute_thresh': True, 'input_path': '', 'input_path_browse': '', 'auto_play': True, 'crossfade_seconds': 0.05, 'block_seconds': 0.35, 'additional_infer_before_seconds': 0.15, 'additional_infer_after_seconds': 0.1, 'realtime_algorithm': '1 (Divide constantly)', 'input_device': 'Razer Barracuda 2.4 Mono (JACK Audio Connection Kit)', 'output_device': 'default (ALSA)', 'passthrough_original': True, 'presets': 'Default VC (GPU, GTX 1060)', 'preset_name': '', 'use_gpu': True}
[18:06:36] /home/antoine/.cache/pypoetry/virtualenvs/drake_ai-0bRsTVrO-py3.10/lib/python3.10/site-packages/so_vits_svc_fork/modules/synthesizers.py:81: UserWarning: Unused arguments: {'n_layers_q': 3, 'use_spectral_norm': False}
  warnings.warn(f"Unused arguments: {kwargs}")

[18:06:36] Decoder type: hifi-gan
[18:06:38] Error in realtime: 
[18:06:38] Weights only load failed. Re-running `torch.load` with `weights_only` set to `False` will likely succeed, but it can result in arbitrary code execution.Do it only if you get the file from a trusted source. WeightsUnpickler error: Unsupported operand 71
pebble.common.RemoteTraceback: Traceback (most recent call last):
  File "/home/antoine/.cache/pypoetry/virtualenvs/drake_ai-0bRsTVrO-py3.10/lib/python3.10/site-packages/pebble/common.py", line 174, in process_execute
    return function(*args, **kwargs)
  File "/home/antoine/.cache/pypoetry/virtualenvs/drake_ai-0bRsTVrO-py3.10/lib/python3.10/site-packages/so_vits_svc_fork/inference/main.py", line 106, in realtime
    svc_model = Svc(
  File "/home/antoine/.cache/pypoetry/virtualenvs/drake_ai-0bRsTVrO-py3.10/lib/python3.10/site-packages/so_vits_svc_fork/inference/core.py", line 116, in __init__
    self.load_model()
  File "/home/antoine/.cache/pypoetry/virtualenvs/drake_ai-0bRsTVrO-py3.10/lib/python3.10/site-packages/so_vits_svc_fork/inference/core.py", line 126, in load_model
    _ = utils.load_checkpoint(self.net_g_path, self.net_g, None)
  File "/home/antoine/.cache/pypoetry/virtualenvs/drake_ai-0bRsTVrO-py3.10/lib/python3.10/site-packages/so_vits_svc_fork/utils.py", line 238, in load_checkpoint
    checkpoint_dict = torch.load(f, map_location="cpu", weights_only=True)
  File "/home/antoine/.cache/pypoetry/virtualenvs/drake_ai-0bRsTVrO-py3.10/lib/python3.10/site-packages/torch/serialization.py", line 788, in load
    raise pickle.UnpicklingError(UNSAFE_MESSAGE + str(e)) from None
_pickle.UnpicklingError: Weights only load failed. Re-running `torch.load` with `weights_only` set to `False` will likely succeed, but it can result in arbitrary code execution.Do it only if you get the file from a trusted source. WeightsUnpickler error: Unsupported operand 71


The above exception was the direct cause of the following exception:

Traceback (most recent call last):
  File "/home/antoine/.cache/pypoetry/virtualenvs/drake_ai-0bRsTVrO-py3.10/lib/python3.10/site-packages/so_vits_svc_fork/gui.py", line 667, in main
    future.result()
  File "/usr/lib/python3.10/concurrent/futures/_base.py", line 451, in result
    return self.__get_result()
  File "/usr/lib/python3.10/concurrent/futures/_base.py", line 403, in __get_result
    raise self._exception
_pickle.UnpicklingError: Weights only load failed. Re-running `torch.load` with `weights_only` set to `False` will likely succeed, but it can result in arbitrary code execution.Do it only if you get the file from a trusted source. WeightsUnpickler error: Unsupported operand 71
